<?xml version="1.0" encoding="UTF-8"?>
<!-- Generated by org.testng.reporters.JUnitXMLReporter -->
<testsuite ignored="0" hostname="LTIN520199" failures="0" tests="9" name="Default test" time="120.064" errors="0" timestamp="2024-03-29T16:42:52 IST">
  <testcase classname="casproject.TestClass" name="LoginPage" time="24.317"/>
  <testcase classname="casproject.TestClass" name="validateUser" time="6.337"/>
  <testcase classname="casproject.TestClass" name="validateAroundCognizant" time="0.495"/>
  <testcase classname="casproject.TestClass" name="CountNews" time="3.291"/>
  <testcase classname="casproject.TestClass" name="VerifyTooltip" time="20.028"/>
  <testcase classname="casproject.TestClass" name="clickSeeAll" time="4.103"/>
  <testcase classname="casproject.TestClass" name="SecondPage" time="5.406"/>
  <testcase classname="casproject.TestClass" name="VerifyNews" time="0.002"/>
  <testcase classname="casproject.TestClass" name="printNews" time="47.387"/>
</testsuite> <!-- Default test -->
