<?xml version="1.0" encoding="UTF-8"?>
<!-- Generated by org.testng.reporters.JUnitXMLReporter -->
<testsuite ignored="0" hostname="LTIN520199" failures="0" tests="9" name="Test" time="210.764" errors="0" timestamp="2024-04-04T11:37:32 IST">
  <testcase classname="casproject.TestClass" name="LoginPage" time="26.4"/>
  <testcase classname="casproject.TestClass" name="validateUser" time="7.802"/>
  <testcase classname="casproject.TestClass" name="validateAroundCognizant" time="0.405"/>
  <testcase classname="casproject.TestClass" name="CountNews" time="3.323"/>
  <testcase classname="casproject.TestClass" name="VerifyTooltip" time="20.041"/>
  <testcase classname="casproject.TestClass" name="clickSeeAll" time="6.34"/>
  <testcase classname="casproject.TestClass" name="SecondPage" time="5.585"/>
  <testcase classname="casproject.TestClass" name="VerifyNews" time="0.005"/>
  <testcase classname="casproject.TestClass" name="printNews" time="116.151"/>
</testsuite> <!-- Test -->
